{"/Users/homakk/Documents/fetchCode/classes.ts": {"path":"/Users/homakk/Documents/fetchCode/classes.ts","statementMap":{"0":{"start":{"line":10,"column":0},"end":{"line":10,"column":13}},"1":{"start":{"line":11,"column":21},"end":{"line":11,"column":34}},"2":{"start":{"line":13,"column":3},"end":{"line":15,"column":null}},"3":{"start":{"line":14,"column":4},"end":{"line":14,"column":27}},"4":{"start":{"line":16,"column":0},"end":{"line":16,"column":null}},"5":{"start":{"line":10,"column":13},"end":{"line":10,"column":20}},"6":{"start":{"line":18,"column":16},"end":{"line":18,"column":37}},"7":{"start":{"line":19,"column":0},"end":{"line":19,"column":27}},"8":{"start":{"line":21,"column":0},"end":{"line":21,"column":null}},"9":{"start":{"line":21,"column":25},"end":{"line":21,"column":32}},"10":{"start":{"line":23,"column":4},"end":{"line":23,"column":null}},"11":{"start":{"line":22,"column":21},"end":{"line":22,"column":34}},"12":{"start":{"line":26,"column":3},"end":{"line":28,"column":null}},"13":{"start":{"line":27,"column":4},"end":{"line":27,"column":25}},"14":{"start":{"line":30,"column":2},"end":{"line":33,"column":null}},"15":{"start":{"line":31,"column":4},"end":{"line":31,"column":17}},"16":{"start":{"line":32,"column":4},"end":{"line":32,"column":16}},"17":{"start":{"line":34,"column":0},"end":{"line":34,"column":null}},"18":{"start":{"line":21,"column":13},"end":{"line":21,"column":16}},"19":{"start":{"line":36,"column":12},"end":{"line":36,"column":28}},"20":{"start":{"line":37,"column":0},"end":{"line":37,"column":26}},"21":{"start":{"line":38,"column":0},"end":{"line":38,"column":70}}},"fnMap":{"0":{"name":"(anonymous_6)","decl":{"start":{"line":10,"column":0},"end":{"line":10,"column":13}},"loc":{"start":{"line":10,"column":0},"end":{"line":16,"column":null}}},"1":{"name":"Vehicle","decl":{"start":{"line":11,"column":2},"end":{"line":11,"column":21}},"loc":{"start":{"line":11,"column":34},"end":{"line":11,"column":38}}},"2":{"name":"(anonymous_8)","decl":{"start":{"line":13,"column":3},"end":{"line":13,"column":7}},"loc":{"start":{"line":13,"column":3},"end":{"line":15,"column":3}}},"3":{"name":"(anonymous_9)","decl":{"start":{"line":21,"column":0},"end":{"line":21,"column":13}},"loc":{"start":{"line":21,"column":0},"end":{"line":34,"column":null}}},"4":{"name":"Car","decl":{"start":{"line":22,"column":2},"end":{"line":22,"column":21}},"loc":{"start":{"line":22,"column":49},"end":{"line":24,"column":3}}},"5":{"name":"(anonymous_11)","decl":{"start":{"line":26,"column":3},"end":{"line":26,"column":8}},"loc":{"start":{"line":26,"column":3},"end":{"line":28,"column":3}}},"6":{"name":"(anonymous_12)","decl":{"start":{"line":30,"column":2},"end":{"line":30,"column":21}},"loc":{"start":{"line":30,"column":2},"end":{"line":33,"column":3}}}},"branchMap":{"0":{"loc":{"start":{"line":23,"column":4},"end":{"line":23,"column":null}},"type":"binary-expr","locations":[{"start":{"line":23,"column":4},"end":{"line":23,"column":16}},{"start":{"line":23,"column":16},"end":{"line":23,"column":null}}]}},"s":{"0":1,"1":5,"2":1,"3":3,"4":1,"5":1,"6":1,"7":1,"8":1,"9":1,"10":3,"11":3,"12":1,"13":3,"14":1,"15":2,"16":2,"17":1,"18":1,"19":1,"20":1,"21":1},"f":{"0":1,"1":5,"2":3,"3":1,"4":3,"5":3,"6":2},"b":{"0":[3,3]}}
,"/Users/homakk/Documents/fetchCode/hello.ts": {"path":"/Users/homakk/Documents/fetchCode/hello.ts","statementMap":{"0":{"start":{"line":1,"column":19},"end":{"line":3,"column":1}},"1":{"start":{"line":2,"column":4},"end":{"line":2,"column":19}},"2":{"start":{"line":1,"column":13},"end":{"line":1,"column":19}},"3":{"start":{"line":4,"column":0},"end":{"line":4,"column":19}},"4":{"start":{"line":6,"column":19},"end":{"line":6,"column":45}},"5":{"start":{"line":6,"column":44},"end":{"line":6,"column":48}},"6":{"start":{"line":6,"column":13},"end":{"line":6,"column":19}},"7":{"start":{"line":8,"column":19},"end":{"line":8,"column":45}},"8":{"start":{"line":8,"column":44},"end":{"line":8,"column":48}},"9":{"start":{"line":8,"column":14},"end":{"line":8,"column":19}},"10":{"start":{"line":9,"column":1},"end":{"line":9,"column":10}}},"fnMap":{"0":{"name":"(anonymous_0)","decl":{"start":{"line":1,"column":19},"end":{"line":1,"column":20}},"loc":{"start":{"line":1,"column":26},"end":{"line":3,"column":1}}},"1":{"name":"(anonymous_1)","decl":{"start":{"line":6,"column":19},"end":{"line":6,"column":20}},"loc":{"start":{"line":6,"column":39},"end":{"line":6,"column":45}}},"2":{"name":"(anonymous_2)","decl":{"start":{"line":8,"column":19},"end":{"line":8,"column":20}},"loc":{"start":{"line":8,"column":39},"end":{"line":8,"column":45}}}},"branchMap":{},"s":{"0":1,"1":2,"2":1,"3":1,"4":1,"5":1,"6":1,"7":1,"8":1,"9":1,"10":1},"f":{"0":2,"1":1,"2":1},"b":{}}
,"/Users/homakk/Documents/fetchCode/mapInterface.ts": {"path":"/Users/homakk/Documents/fetchCode/mapInterface.ts","statementMap":{"0":{"start":{"line":18,"column":0},"end":{"line":18,"column":22}},"1":{"start":{"line":20,"column":10},"end":{"line":20,"column":43}},"2":{"start":{"line":22,"column":4},"end":{"line":22,"column":42}},"3":{"start":{"line":24,"column":9},"end":{"line":26,"column":null}},"4":{"start":{"line":25,"column":4},"end":{"line":25,"column":30}},"5":{"start":{"line":28,"column":9},"end":{"line":32,"column":null}},"6":{"start":{"line":29,"column":19},"end":{"line":29,"column":37}},"7":{"start":{"line":30,"column":4},"end":{"line":30,"column":47}},"8":{"start":{"line":30,"column":16},"end":{"line":30,"column":47}},"9":{"start":{"line":31,"column":4},"end":{"line":31,"column":null}},"10":{"start":{"line":34,"column":9},"end":{"line":43,"column":null}},"11":{"start":{"line":34,"column":2},"end":{"line":34,"column":9}},"12":{"start":{"line":35,"column":29},"end":{"line":35,"column":31}},"13":{"start":{"line":36,"column":4},"end":{"line":41,"column":7}},"14":{"start":{"line":37,"column":20},"end":{"line":37,"column":38}},"15":{"start":{"line":38,"column":6},"end":{"line":40,"column":null}},"16":{"start":{"line":39,"column":8},"end":{"line":39,"column":27}},"17":{"start":{"line":42,"column":4},"end":{"line":42,"column":18}},"18":{"start":{"line":45,"column":9},"end":{"line":47,"column":null}},"19":{"start":{"line":46,"column":4},"end":{"line":46,"column":26}},"20":{"start":{"line":48,"column":0},"end":{"line":48,"column":null}},"21":{"start":{"line":18,"column":22},"end":{"line":18,"column":33}},"22":{"start":{"line":51,"column":0},"end":{"line":51,"column":51}},"23":{"start":{"line":51,"column":38},"end":{"line":51,"column":49}},"24":{"start":{"line":51,"column":51},"end":{"line":51,"column":null}},"25":{"start":{"line":51,"column":13},"end":{"line":51,"column":29}},"26":{"start":{"line":52,"column":16},"end":{"line":52,"column":38}}},"fnMap":{"0":{"name":"(anonymous_6)","decl":{"start":{"line":18,"column":0},"end":{"line":18,"column":22}},"loc":{"start":{"line":18,"column":0},"end":{"line":48,"column":null}}},"1":{"name":"MyDatastore","decl":{"start":{"line":21,"column":2},"end":{"line":21,"column":null}},"loc":{"start":{"line":21,"column":2},"end":{"line":23,"column":3}}},"2":{"name":"(anonymous_8)","decl":{"start":{"line":24,"column":2},"end":{"line":24,"column":9}},"loc":{"start":{"line":24,"column":39},"end":{"line":26,"column":3}}},"3":{"name":"(anonymous_9)","decl":{"start":{"line":28,"column":2},"end":{"line":28,"column":9}},"loc":{"start":{"line":28,"column":24},"end":{"line":32,"column":3}}},"4":{"name":"(anonymous_10)","decl":{"start":{"line":34,"column":2},"end":{"line":34,"column":9}},"loc":{"start":{"line":34,"column":30},"end":{"line":43,"column":3}}},"5":{"name":"(anonymous_11)","decl":{"start":{"line":36,"column":17},"end":{"line":36,"column":18}},"loc":{"start":{"line":36,"column":21},"end":{"line":41,"column":5}}},"6":{"name":"(anonymous_12)","decl":{"start":{"line":45,"column":2},"end":{"line":45,"column":9}},"loc":{"start":{"line":45,"column":27},"end":{"line":47,"column":3}}},"7":{"name":"(anonymous_13)","decl":{"start":{"line":51,"column":0},"end":{"line":51,"column":13}},"loc":{"start":{"line":51,"column":0},"end":{"line":51,"column":-1}}}},"branchMap":{"0":{"loc":{"start":{"line":30,"column":4},"end":{"line":30,"column":47}},"type":"if","locations":[{"start":{"line":30,"column":4},"end":{"line":30,"column":47}}]},"1":{"loc":{"start":{"line":38,"column":6},"end":{"line":40,"column":null}},"type":"if","locations":[{"start":{"line":38,"column":6},"end":{"line":40,"column":null}}]}},"s":{"0":1,"1":5,"2":5,"3":1,"4":7,"5":1,"6":3,"7":3,"8":2,"9":1,"10":1,"11":1,"12":1,"13":1,"14":2,"15":2,"16":2,"17":1,"18":1,"19":1,"20":1,"21":1,"22":1,"23":1,"24":1,"25":1,"26":1},"f":{"0":1,"1":5,"2":7,"3":3,"4":1,"5":2,"6":1,"7":6},"b":{"0":[2],"1":[2]}}
,"/Users/homakk/Documents/fetchCode/sound-player.ts": {"path":"/Users/homakk/Documents/fetchCode/sound-player.ts","statementMap":{"0":{"start":{"line":1,"column":0},"end":{"line":1,"column":13}},"1":{"start":{"line":2,"column":21},"end":{"line":2,"column":43}},"2":{"start":{"line":2,"column":21},"end":{"line":2,"column":40}},"3":{"start":{"line":3,"column":2},"end":{"line":4,"column":50}},"4":{"start":{"line":4,"column":4},"end":{"line":4,"column":50}},"5":{"start":{"line":5,"column":0},"end":{"line":5,"column":null}},"6":{"start":{"line":1,"column":13},"end":{"line":1,"column":24}},"7":{"start":{"line":7,"column":0},"end":{"line":7,"column":null}},"8":{"start":{"line":7,"column":41},"end":{"line":7,"column":52}},"9":{"start":{"line":8,"column":21},"end":{"line":8,"column":null}},"10":{"start":{"line":9,"column":4},"end":{"line":9,"column":null}},"11":{"start":{"line":8,"column":21},"end":{"line":8,"column":59}},"12":{"start":{"line":11,"column":2},"end":{"line":13,"column":4}},"13":{"start":{"line":12,"column":4},"end":{"line":12,"column":47}},"14":{"start":{"line":14,"column":0},"end":{"line":14,"column":null}},"15":{"start":{"line":7,"column":13},"end":{"line":7,"column":32}}},"fnMap":{"0":{"name":"(anonymous_6)","decl":{"start":{"line":1,"column":0},"end":{"line":1,"column":13}},"loc":{"start":{"line":1,"column":0},"end":{"line":5,"column":null}}},"1":{"name":"SoundPlayer","decl":{"start":{"line":2,"column":2},"end":{"line":2,"column":21}},"loc":{"start":{"line":2,"column":40},"end":{"line":2,"column":44}}},"2":{"name":"(anonymous_8)","decl":{"start":{"line":3,"column":18},"end":{"line":3,"column":19}},"loc":{"start":{"line":3,"column":35},"end":{"line":4,"column":11}}},"3":{"name":"(anonymous_9)","decl":{"start":{"line":7,"column":0},"end":{"line":7,"column":13}},"loc":{"start":{"line":7,"column":0},"end":{"line":14,"column":null}}},"4":{"name":"SoundPlayerConsumer","decl":{"start":{"line":8,"column":2},"end":{"line":8,"column":21}},"loc":{"start":{"line":8,"column":59},"end":{"line":10,"column":3}}},"5":{"name":"(anonymous_11)","decl":{"start":{"line":11,"column":22},"end":{"line":11,"column":null}},"loc":{"start":{"line":11,"column":22},"end":{"line":13,"column":3}}}},"branchMap":{"0":{"loc":{"start":{"line":2,"column":21},"end":{"line":2,"column":43}},"type":"if","locations":[{"start":{"line":2,"column":21},"end":{"line":2,"column":43}}]},"1":{"loc":{"start":{"line":8,"column":21},"end":{"line":8,"column":null}},"type":"if","locations":[{"start":{"line":8,"column":21},"end":{"line":8,"column":null}}]},"2":{"loc":{"start":{"line":9,"column":4},"end":{"line":9,"column":null}},"type":"binary-expr","locations":[{"start":{"line":9,"column":4},"end":{"line":9,"column":11}},{"start":{"line":9,"column":11},"end":{"line":9,"column":null}}]}},"s":{"0":1,"1":4,"2":2,"3":2,"4":2,"5":1,"6":1,"7":1,"8":1,"9":2,"10":1,"11":1,"12":1,"13":1,"14":1,"15":1},"f":{"0":1,"1":2,"2":2,"3":1,"4":1,"5":1},"b":{"0":[2],"1":[1],"2":[1,1]}}
}
