TN:
SF:classes.ts
FN:10,(anonymous_6)
FN:11,Vehicle
FN:13,(anonymous_8)
FN:21,(anonymous_9)
FN:22,Car
FN:26,(anonymous_11)
FN:30,(anonymous_12)
FNF:7
FNH:7
FNDA:1,(anonymous_6)
FNDA:5,Vehicle
FNDA:3,(anonymous_8)
FNDA:1,(anonymous_9)
FNDA:3,Car
FNDA:3,(anonymous_11)
FNDA:2,(anonymous_12)
DA:10,1
DA:11,5
DA:13,1
DA:14,3
DA:16,1
DA:18,1
DA:19,1
DA:21,1
DA:22,3
DA:23,3
DA:26,1
DA:27,3
DA:30,1
DA:31,2
DA:32,2
DA:34,1
DA:36,1
DA:37,1
DA:38,1
LF:19
LH:19
BRDA:23,0,0,3
BRDA:23,0,1,3
BRF:2
BRH:2
end_of_record
TN:
SF:hello.ts
FN:1,(anonymous_0)
FN:6,(anonymous_1)
FN:8,(anonymous_2)
FNF:3
FNH:3
FNDA:2,(anonymous_0)
FNDA:1,(anonymous_1)
FNDA:1,(anonymous_2)
DA:1,1
DA:2,2
DA:4,1
DA:6,1
DA:8,1
DA:9,1
LF:6
LH:6
BRF:0
BRH:0
end_of_record
TN:
SF:mapInterface.ts
FN:18,(anonymous_6)
FN:21,MyDatastore
FN:24,(anonymous_8)
FN:28,(anonymous_9)
FN:34,(anonymous_10)
FN:36,(anonymous_11)
FN:45,(anonymous_12)
FN:51,(anonymous_13)
FNF:8
FNH:8
FNDA:1,(anonymous_6)
FNDA:5,MyDatastore
FNDA:7,(anonymous_8)
FNDA:3,(anonymous_9)
FNDA:1,(anonymous_10)
FNDA:2,(anonymous_11)
FNDA:1,(anonymous_12)
FNDA:6,(anonymous_13)
DA:18,1
DA:20,5
DA:22,5
DA:24,1
DA:25,7
DA:28,1
DA:29,3
DA:30,3
DA:31,1
DA:34,1
DA:35,1
DA:36,1
DA:37,2
DA:38,2
DA:39,2
DA:42,1
DA:45,1
DA:46,1
DA:48,1
DA:51,1
DA:52,1
LF:21
LH:21
BRDA:30,0,0,2
BRDA:38,1,0,2
BRF:2
BRH:2
end_of_record
TN:
SF:sound-player.ts
FN:1,(anonymous_6)
FN:2,SoundPlayer
FN:3,(anonymous_8)
FN:7,(anonymous_9)
FN:8,SoundPlayerConsumer
FN:11,(anonymous_11)
FNF:6
FNH:6
FNDA:1,(anonymous_6)
FNDA:2,SoundPlayer
FNDA:2,(anonymous_8)
FNDA:1,(anonymous_9)
FNDA:1,SoundPlayerConsumer
FNDA:1,(anonymous_11)
DA:1,1
DA:2,4
DA:3,2
DA:4,2
DA:5,1
DA:7,1
DA:8,2
DA:9,1
DA:11,1
DA:12,1
DA:14,1
LF:11
LH:11
BRDA:2,0,0,2
BRDA:8,1,0,1
BRDA:9,2,0,1
BRDA:9,2,1,1
BRF:4
BRH:4
end_of_record
